0                    WARNING main_het_net_sim       Starting EG attempt at 0.
530,675,437,000      WARNING generation             router_0 successful entanglement of memory router_0.MemoryArray[0]
530,675,437,000      WARNING generation             router_1 successful entanglement of memory router_1.MemoryArray[0]
1,216,733,062,000    WARNING generation             router_1 successful entanglement of memory router_1.MemoryArray[1]
1,216,733,062,000    WARNING generation             router_2 successful entanglement of memory router_2.MemoryArray[0]
1,216,778,062,000    WARNING apps                   Transmon decohered during round trip time.
1,216,778,160,000    WARNING memory                 Incorrectly entangled state.
1,216,778,160,000    WARNING memory                 Incorrectly entangled state.
20,000,003,062,000   WARNING main_het_net_sim       Entanglement num 1 completed in 1.21677816 seconds.
20,000,003,062,000   WARNING main_het_net_sim       Starting EG attempt at 20000003062000.
20,023,053,187,000   WARNING generation             router_1 successful entanglement of memory router_1.MemoryArray[0]
20,023,053,187,000   WARNING generation             router_0 successful entanglement of memory router_0.MemoryArray[0]
20,716,736,124,500   WARNING generation             router_1 successful entanglement of memory router_1.MemoryArray[1]
20,716,736,124,500   WARNING generation             router_2 successful entanglement of memory router_2.MemoryArray[0]
20,716,781,124,500   WARNING apps                   Transmon decohered during round trip time.
20,716,781,212,500   WARNING memory                 Incorrectly entangled state.
20,716,781,212,500   WARNING memory                 Incorrectly entangled state.
40,000,016,124,500   WARNING main_het_net_sim       Entanglement num 2 completed in 0.7167781504999999 seconds.
40,000,016,124,500   WARNING main_het_net_sim       Starting EG attempt at 40000016124500.
40,021,541,187,000   WARNING generation             router_1 successful entanglement of memory router_1.MemoryArray[0]
40,021,541,187,000   WARNING generation             router_0 successful entanglement of memory router_0.MemoryArray[0]
40,021,541,187,000   WARNING generation             router_2 successful entanglement of memory router_2.MemoryArray[0]
40,021,541,187,000   WARNING generation             router_1 successful entanglement of memory router_1.MemoryArray[1]
60,000,041,187,000   WARNING main_het_net_sim       Entanglement num 3 completed in 0.0215701605 seconds.
60,000,041,187,000   WARNING main_het_net_sim       Starting EG attempt at 60000041187000.
60,023,091,312,000   WARNING generation             router_2 successful entanglement of memory router_2.MemoryArray[0]
60,023,091,312,000   WARNING generation             router_1 successful entanglement of memory router_1.MemoryArray[1]
60,024,616,374,500   WARNING generation             router_1 successful entanglement of memory router_1.MemoryArray[0]
60,024,616,374,500   WARNING generation             router_0 successful entanglement of memory router_0.MemoryArray[0]
60,024,661,374,500   WARNING apps                   Transmon decohered during round trip time.
60,024,661,462,500   WARNING memory                 Incorrectly entangled state.
60,024,661,462,500   WARNING memory                 Incorrectly entangled state.
80,000,056,374,500   WARNING main_het_net_sim       Entanglement num 4 completed in 0.0246202755 seconds.
80,000,056,374,500   WARNING main_het_net_sim       Starting EG attempt at 80000056374500.
80,023,106,499,500   WARNING generation             router_1 successful entanglement of memory router_1.MemoryArray[1]
80,023,106,499,500   WARNING generation             router_1 successful entanglement of memory router_1.MemoryArray[0]
80,023,106,499,500   WARNING generation             router_0 successful entanglement of memory router_0.MemoryArray[0]
80,023,106,499,500   WARNING generation             router_2 successful entanglement of memory router_2.MemoryArray[0]
100,000,076,499,500  WARNING main_het_net_sim       Entanglement num 5 completed in 0.023095222999999998 seconds.
100,000,076,499,500  WARNING main_het_net_sim       Starting EG attempt at 100000076499500.
100,023,126,624,500  WARNING generation             router_0 successful entanglement of memory router_0.MemoryArray[0]
100,023,126,624,500  WARNING generation             router_1 successful entanglement of memory router_1.MemoryArray[0]
100,027,701,812,000  WARNING generation             router_1 successful entanglement of memory router_1.MemoryArray[1]
100,027,701,812,000  WARNING generation             router_2 successful entanglement of memory router_2.MemoryArray[0]
100,027,746,812,000  WARNING apps                   Transmon decohered during round trip time.
100,027,746,900,000  WARNING memory                 Incorrectly entangled state.
100,027,746,900,000  WARNING memory                 Incorrectly entangled state.
120,000,081,812,000  WARNING main_het_net_sim       Entanglement num 6 completed in 0.0276704005 seconds.
120,000,081,812,000  WARNING main_het_net_sim       Starting EG attempt at 120000081812000.
120,024,656,999,500  WARNING generation             router_2 successful entanglement of memory router_2.MemoryArray[0]
120,024,656,999,500  WARNING generation             router_1 successful entanglement of memory router_1.MemoryArray[1]
120,026,182,062,000  WARNING generation             router_0 successful entanglement of memory router_0.MemoryArray[0]
120,026,182,062,000  WARNING generation             router_1 successful entanglement of memory router_1.MemoryArray[0]
120,026,227,062,000  WARNING apps                   Transmon decohered during round trip time.
120,026,227,160,000  WARNING memory                 Incorrectly entangled state.
120,026,227,160,000  WARNING memory                 Incorrectly entangled state.
140,000,092,062,000  WARNING main_het_net_sim       Entanglement num 7 completed in 0.026145348 seconds.
140,000,092,062,000  WARNING main_het_net_sim       Starting EG attempt at 140000092062000.
140,021,617,124,500  WARNING generation             router_1 successful entanglement of memory router_1.MemoryArray[0]
140,021,617,124,500  WARNING generation             router_0 successful entanglement of memory router_0.MemoryArray[0]
140,024,667,249,500  WARNING generation             router_1 successful entanglement of memory router_1.MemoryArray[1]
140,024,667,249,500  WARNING generation             router_2 successful entanglement of memory router_2.MemoryArray[0]
140,024,712,249,500  WARNING apps                   Transmon decohered during round trip time.
140,024,712,337,500  WARNING memory                 Incorrectly entangled state.
140,024,712,337,500  WARNING memory                 Incorrectly entangled state.
160,000,107,249,500  WARNING main_het_net_sim       Entanglement num 8 completed in 0.0246202755 seconds.
160,000,107,249,500  WARNING main_het_net_sim       Starting EG attempt at 160000107249500.
160,021,632,312,000  WARNING generation             router_2 successful entanglement of memory router_2.MemoryArray[0]
160,021,632,312,000  WARNING generation             router_1 successful entanglement of memory router_1.MemoryArray[1]
160,026,207,499,500  WARNING generation             router_0 successful entanglement of memory router_0.MemoryArray[0]
160,026,207,499,500  WARNING generation             router_1 successful entanglement of memory router_1.MemoryArray[0]
160,026,252,499,500  WARNING apps                   Transmon decohered during round trip time.
160,026,252,597,500  WARNING memory                 Incorrectly entangled state.
160,026,252,597,500  WARNING memory                 Incorrectly entangled state.
180,000,117,499,500  WARNING main_het_net_sim       Entanglement num 9 completed in 0.026145348 seconds.
180,000,117,499,500  WARNING main_het_net_sim       Starting EG attempt at 180000117499500.
180,021,642,562,000  WARNING generation             router_1 successful entanglement of memory router_1.MemoryArray[0]
180,021,642,562,000  WARNING generation             router_0 successful entanglement of memory router_0.MemoryArray[0]
180,021,642,562,000  WARNING generation             router_2 successful entanglement of memory router_2.MemoryArray[0]
180,021,642,562,000  WARNING generation             router_1 successful entanglement of memory router_1.MemoryArray[1]
200,000,142,562,000  WARNING main_het_net_sim       Entanglement num 10 completed in 0.0215701505 seconds.
200,000,142,562,000  WARNING main_het_net_sim       Starting EG attempt at 200000142562000.
200,021,667,624,500  WARNING generation             router_0 successful entanglement of memory router_0.MemoryArray[0]
200,021,667,624,500  WARNING generation             router_1 successful entanglement of memory router_1.MemoryArray[0]
200,026,242,812,000  WARNING generation             router_1 successful entanglement of memory router_1.MemoryArray[1]
200,026,242,812,000  WARNING generation             router_2 successful entanglement of memory router_2.MemoryArray[0]
200,026,287,812,000  WARNING apps                   Transmon decohered during round trip time.
200,026,287,910,000  WARNING memory                 Incorrectly entangled state.
200,026,287,910,000  WARNING memory                 Incorrectly entangled state.
220,000,152,812,000  WARNING main_het_net_sim       Entanglement num 11 completed in 0.026145348 seconds.
220,000,152,812,000  WARNING main_het_net_sim       Starting EG attempt at 220000152812000.
220,024,727,999,500  WARNING generation             router_2 successful entanglement of memory router_2.MemoryArray[0]
220,024,727,999,500  WARNING generation             router_1 successful entanglement of memory router_1.MemoryArray[1]
220,030,828,249,500  WARNING generation             router_0 successful entanglement of memory router_0.MemoryArray[0]
220,030,828,249,500  WARNING generation             router_1 successful entanglement of memory router_1.MemoryArray[0]
220,030,873,249,500  WARNING apps                   Transmon decohered during round trip time.
220,030,873,337,500  WARNING memory                 Incorrectly entangled state.
220,030,873,337,500  WARNING memory                 Incorrectly entangled state.
240,000,178,249,500  WARNING main_het_net_sim       Entanglement num 12 completed in 0.030720525499999998 seconds.
240,000,178,249,500  WARNING main_het_net_sim       Starting EG attempt at 240000178249500.
240,024,753,437,000  WARNING generation             router_2 successful entanglement of memory router_2.MemoryArray[0]
240,024,753,437,000  WARNING generation             router_1 successful entanglement of memory router_1.MemoryArray[1]
240,032,378,749,500  WARNING generation             router_0 successful entanglement of memory router_0.MemoryArray[0]
240,032,378,749,500  WARNING generation             router_1 successful entanglement of memory router_1.MemoryArray[0]
240,032,423,749,500  WARNING apps                   Transmon decohered during round trip time.
240,032,423,847,500  WARNING memory                 Incorrectly entangled state.
240,032,423,847,500  WARNING memory                 Incorrectly entangled state.
260,000,198,749,500  WARNING main_het_net_sim       Entanglement num 13 completed in 0.032245598 seconds.
260,000,198,749,500  WARNING main_het_net_sim       Starting EG attempt at 260000198749500.
260,023,248,874,500  WARNING generation             router_1 successful entanglement of memory router_1.MemoryArray[0]
260,023,248,874,500  WARNING generation             router_0 successful entanglement of memory router_0.MemoryArray[0]
260,027,824,062,000  WARNING generation             router_1 successful entanglement of memory router_1.MemoryArray[1]
260,027,824,062,000  WARNING generation             router_2 successful entanglement of memory router_2.MemoryArray[0]
260,027,869,062,000  WARNING apps                   Transmon decohered during round trip time.
260,027,869,150,000  WARNING memory                 Incorrectly entangled state.
260,027,869,150,000  WARNING memory                 Incorrectly entangled state.
280,000,204,062,000  WARNING main_het_net_sim       Entanglement num 14 completed in 0.0276704005 seconds.
280,000,204,062,000  WARNING main_het_net_sim       Starting EG attempt at 280000204062000.
280,021,729,124,500  WARNING generation             router_0 successful entanglement of memory router_0.MemoryArray[0]
280,021,729,124,500  WARNING generation             router_1 successful entanglement of memory router_1.MemoryArray[0]
280,023,254,187,000  WARNING generation             router_2 successful entanglement of memory router_2.MemoryArray[0]
280,023,254,187,000  WARNING generation             router_1 successful entanglement of memory router_1.MemoryArray[1]
280,023,299,187,000  WARNING apps                   Transmon decohered during round trip time.
280,023,299,285,000  WARNING memory                 Incorrectly entangled state.
280,023,299,285,000  WARNING memory                 Incorrectly entangled state.
300,000,224,187,000  WARNING main_het_net_sim       Entanglement num 15 completed in 0.023095222999999998 seconds.
300,000,224,187,000  WARNING main_het_net_sim       Starting EG attempt at 300000224187000.
300,023,274,312,000  WARNING generation             router_1 successful entanglement of memory router_1.MemoryArray[0]
300,023,274,312,000  WARNING generation             router_0 successful entanglement of memory router_0.MemoryArray[0]
300,023,274,312,000  WARNING generation             router_2 successful entanglement of memory router_2.MemoryArray[0]
300,023,274,312,000  WARNING generation             router_1 successful entanglement of memory router_1.MemoryArray[1]
320,000,244,312,000  WARNING main_het_net_sim       Entanglement num 16 completed in 0.023095213 seconds.
320,000,244,312,000  WARNING main_het_net_sim       Starting EG attempt at 320000244312000.
320,021,769,374,500  WARNING generation             router_1 successful entanglement of memory router_1.MemoryArray[0]
320,021,769,374,500  WARNING generation             router_0 successful entanglement of memory router_0.MemoryArray[0]
320,023,294,437,000  WARNING generation             router_1 successful entanglement of memory router_1.MemoryArray[1]
320,023,294,437,000  WARNING generation             router_2 successful entanglement of memory router_2.MemoryArray[0]
320,023,339,437,000  WARNING apps                   Transmon decohered during round trip time.
320,023,339,535,000  WARNING memory                 Incorrectly entangled state.
320,023,339,535,000  WARNING memory                 Incorrectly entangled state.
340,000,264,437,000  WARNING main_het_net_sim       Entanglement num 17 completed in 0.023095222999999998 seconds.
340,000,264,437,000  WARNING main_het_net_sim       Starting EG attempt at 340000264437000.
340,021,789,499,500  WARNING generation             router_1 successful entanglement of memory router_1.MemoryArray[0]
340,021,789,499,500  WARNING generation             router_0 successful entanglement of memory router_0.MemoryArray[0]
340,657,520,062,000  WARNING generation             router_1 successful entanglement of memory router_1.MemoryArray[1]
340,657,520,062,000  WARNING generation             router_2 successful entanglement of memory router_2.MemoryArray[0]
340,657,565,062,000  WARNING apps                   Transmon decohered during round trip time.
340,657,565,150,000  WARNING memory                 Incorrectly entangled state.
340,657,565,150,000  WARNING memory                 Incorrectly entangled state.
360,000,290,062,000  WARNING main_het_net_sim       Entanglement num 18 completed in 0.657300713 seconds.
360,000,290,062,000  WARNING main_het_net_sim       Starting EG attempt at 360000290062000.
360,027,915,374,500  WARNING generation             router_1 successful entanglement of memory router_1.MemoryArray[1]
360,027,915,374,500  WARNING generation             router_2 successful entanglement of memory router_2.MemoryArray[0]
360,043,165,999,500  WARNING generation             router_0 successful entanglement of memory router_0.MemoryArray[0]
360,043,165,999,500  WARNING generation             router_1 successful entanglement of memory router_1.MemoryArray[0]
360,043,210,999,500  WARNING apps                   Transmon decohered during round trip time.
360,043,211,097,500  WARNING memory                 Incorrectly entangled state.
360,043,211,097,500  WARNING memory                 Incorrectly entangled state.
380,000,305,999,500  WARNING main_het_net_sim       Entanglement num 19 completed in 0.042921035499999996 seconds.
380,000,305,999,500  WARNING main_het_net_sim       Starting EG attempt at 380000305999500.
380,027,931,312,000  WARNING generation             router_0 successful entanglement of memory router_0.MemoryArray[0]
380,027,931,312,000  WARNING generation             router_1 successful entanglement of memory router_1.MemoryArray[0]
380,032,506,499,500  WARNING generation             router_1 successful entanglement of memory router_1.MemoryArray[1]
380,032,506,499,500  WARNING generation             router_2 successful entanglement of memory router_2.MemoryArray[0]
380,032,551,499,500  WARNING apps                   Transmon decohered during round trip time.
380,032,551,499,500  WARNING apps                   Transmon decohered during round trip time.
380,032,551,587,500  WARNING memory                 Incorrectly entangled state.
380,032,551,587,500  WARNING memory                 Incorrectly entangled state.
400,000,326,499,500  WARNING main_het_net_sim       Entanglement num 20 completed in 0.032245588 seconds.
400,000,326,499,500  WARNING main_het_net_sim       Starting EG attempt at 400000326499500.
400,021,851,562,000  WARNING generation             router_2 successful entanglement of memory router_2.MemoryArray[0]
400,021,851,562,000  WARNING generation             router_1 successful entanglement of memory router_1.MemoryArray[1]
400,023,376,624,500  WARNING generation             router_0 successful entanglement of memory router_0.MemoryArray[0]
400,023,376,624,500  WARNING generation             router_1 successful entanglement of memory router_1.MemoryArray[0]
400,023,421,624,500  WARNING apps                   Transmon decohered during round trip time.
400,023,421,722,500  WARNING memory                 Incorrectly entangled state.
400,023,421,722,500  WARNING memory                 Incorrectly entangled state.
420,000,346,624,500  WARNING main_het_net_sim       Entanglement num 21 completed in 0.023095222999999998 seconds.
420,000,346,624,500  WARNING main_het_net_sim       Starting EG attempt at 420000346624500.
420,031,022,062,000  WARNING generation             router_2 successful entanglement of memory router_2.MemoryArray[0]
420,031,022,062,000  WARNING generation             router_1 successful entanglement of memory router_1.MemoryArray[1]
420,608,800,249,500  WARNING generation             router_0 successful entanglement of memory router_0.MemoryArray[0]
420,608,800,249,500  WARNING generation             router_1 successful entanglement of memory router_1.MemoryArray[0]
420,608,845,249,500  WARNING apps                   Transmon decohered during round trip time.
420,608,845,337,500  WARNING memory                 Incorrectly entangled state.
420,608,845,337,500  WARNING memory                 Incorrectly entangled state.
440,000,350,249,500  WARNING main_het_net_sim       Entanglement num 22 completed in 0.608498713 seconds.
440,000,350,249,500  WARNING main_het_net_sim       Starting EG attempt at 440000350249500.
440,027,975,562,000  WARNING generation             router_1 successful entanglement of memory router_1.MemoryArray[1]
440,027,975,562,000  WARNING generation             router_2 successful entanglement of memory router_2.MemoryArray[0]
440,027,975,562,000  WARNING generation             router_1 successful entanglement of memory router_1.MemoryArray[0]
440,027,975,562,000  WARNING generation             router_0 successful entanglement of memory router_0.MemoryArray[0]
460,000,355,562,000  WARNING main_het_net_sim       Entanglement num 23 completed in 0.0276704105 seconds.
460,000,355,562,000  WARNING main_het_net_sim       Starting EG attempt at 460000355562000.
460,021,880,624,500  WARNING generation             router_1 successful entanglement of memory router_1.MemoryArray[1]
460,021,880,624,500  WARNING generation             router_2 successful entanglement of memory router_2.MemoryArray[0]
460,023,405,687,000  WARNING generation             router_0 successful entanglement of memory router_0.MemoryArray[0]
460,023,405,687,000  WARNING generation             router_1 successful entanglement of memory router_1.MemoryArray[0]
460,023,450,687,000  WARNING apps                   Transmon decohered during round trip time.
460,023,450,775,000  WARNING memory                 Incorrectly entangled state.
460,023,450,775,000  WARNING memory                 Incorrectly entangled state.
480,000,375,687,000  WARNING main_het_net_sim       Entanglement num 24 completed in 0.023095213 seconds.
480,000,375,687,000  WARNING main_het_net_sim       Starting EG attempt at 480000375687000.
480,023,425,812,000  WARNING generation             router_0 successful entanglement of memory router_0.MemoryArray[0]
480,023,425,812,000  WARNING generation             router_1 successful entanglement of memory router_1.MemoryArray[0]
480,034,101,249,500  WARNING generation             router_1 successful entanglement of memory router_1.MemoryArray[1]
480,034,101,249,500  WARNING generation             router_2 successful entanglement of memory router_2.MemoryArray[0]
480,034,146,249,500  WARNING apps                   Transmon decohered during round trip time.
480,034,146,249,500  WARNING apps                   Transmon decohered during round trip time.
480,034,146,347,500  WARNING memory                 Incorrectly entangled state.
480,034,146,347,500  WARNING memory                 Incorrectly entangled state.
500,000,391,249,500  WARNING main_het_net_sim       Entanglement num 25 completed in 0.0337706605 seconds.
500,000,391,249,500  WARNING main_het_net_sim       Starting EG attempt at 500000391249500.
500,021,916,312,000  WARNING generation             router_1 successful entanglement of memory router_1.MemoryArray[1]
500,021,916,312,000  WARNING generation             router_2 successful entanglement of memory router_2.MemoryArray[0]
500,050,892,499,500  WARNING generation             router_0 successful entanglement of memory router_0.MemoryArray[0]
500,050,892,499,500  WARNING generation             router_1 successful entanglement of memory router_1.MemoryArray[0]
500,050,937,499,500  WARNING apps                   Transmon decohered during round trip time.
500,050,937,587,500  WARNING memory                 Incorrectly entangled state.
500,050,937,587,500  WARNING memory                 Incorrectly entangled state.
520,000,412,499,500  WARNING main_het_net_sim       Entanglement num 26 completed in 0.050546337999999996 seconds.
520,000,412,499,500  WARNING main_het_net_sim       Starting EG attempt at 520000412499500.
520,021,937,562,000  WARNING generation             router_0 successful entanglement of memory router_0.MemoryArray[0]
520,021,937,562,000  WARNING generation             router_1 successful entanglement of memory router_1.MemoryArray[0]
520,031,087,937,000  WARNING generation             router_1 successful entanglement of memory router_1.MemoryArray[1]
520,031,087,937,000  WARNING generation             router_2 successful entanglement of memory router_2.MemoryArray[0]
520,031,132,937,000  WARNING apps                   Transmon decohered during round trip time.
520,031,133,035,000  WARNING memory                 Incorrectly entangled state.
520,031,133,035,000  WARNING memory                 Incorrectly entangled state.
540,000,437,937,000  WARNING main_het_net_sim       Entanglement num 27 completed in 0.0307205355 seconds.
540,000,437,937,000  WARNING main_het_net_sim       Starting EG attempt at 540000437937000.
540,031,113,374,500  WARNING generation             router_0 successful entanglement of memory router_0.MemoryArray[0]
540,031,113,374,500  WARNING generation             router_1 successful entanglement of memory router_1.MemoryArray[0]
540,032,638,437,000  WARNING generation             router_1 successful entanglement of memory router_1.MemoryArray[1]
540,032,638,437,000  WARNING generation             router_2 successful entanglement of memory router_2.MemoryArray[0]
540,032,683,437,000  WARNING apps                   Transmon decohered during round trip time.
540,032,683,525,000  WARNING memory                 Incorrectly entangled state.
540,032,683,525,000  WARNING memory                 Incorrectly entangled state.
560,000,458,437,000  WARNING main_het_net_sim       Entanglement num 28 completed in 0.032245588 seconds.
560,000,458,437,000  WARNING main_het_net_sim       Starting EG attempt at 560000458437000.
560,029,608,812,000  WARNING generation             router_0 successful entanglement of memory router_0.MemoryArray[0]
560,029,608,812,000  WARNING generation             router_1 successful entanglement of memory router_1.MemoryArray[0]
560,038,759,187,000  WARNING generation             router_1 successful entanglement of memory router_1.MemoryArray[1]
560,038,759,187,000  WARNING generation             router_2 successful entanglement of memory router_2.MemoryArray[0]
560,038,804,187,000  WARNING apps                   Transmon decohered during round trip time.
560,038,804,285,000  WARNING memory                 Incorrectly entangled state.
560,038,804,285,000  WARNING memory                 Incorrectly entangled state.
580,000,459,187,000  WARNING main_het_net_sim       Entanglement num 29 completed in 0.038345848 seconds.
580,000,459,187,000  WARNING main_het_net_sim       Starting EG attempt at 580000459187000.
580,023,509,312,000  WARNING generation             router_0 successful entanglement of memory router_0.MemoryArray[0]
580,023,509,312,000  WARNING generation             router_2 successful entanglement of memory router_2.MemoryArray[0]
580,023,509,312,000  WARNING generation             router_1 successful entanglement of memory router_1.MemoryArray[0]
580,023,509,312,000  WARNING generation             router_1 successful entanglement of memory router_1.MemoryArray[1]
580,023,554,312,000  WARNING apps                   Transmon decohered during round trip time.
580,023,554,400,000  WARNING memory                 Incorrectly entangled state.
580,023,554,400,000  WARNING memory                 Incorrectly entangled state.
600,000,479,312,000  WARNING main_het_net_sim       Entanglement num 30 completed in 0.023095213 seconds.
600,000,479,312,000  WARNING main_het_net_sim       Starting EG attempt at 600000479312000.
600,023,529,437,000  WARNING generation             router_0 successful entanglement of memory router_0.MemoryArray[0]
600,023,529,437,000  WARNING generation             router_1 successful entanglement of memory router_1.MemoryArray[0]
600,047,930,437,000  WARNING generation             router_1 successful entanglement of memory router_1.MemoryArray[1]
600,047,930,437,000  WARNING generation             router_2 successful entanglement of memory router_2.MemoryArray[0]
600,047,975,437,000  WARNING apps                   Transmon decohered during round trip time.
600,047,975,437,000  WARNING apps                   Transmon decohered during round trip time.
600,047,975,535,000  WARNING memory                 Incorrectly entangled state.
600,047,975,535,000  WARNING memory                 Incorrectly entangled state.
620,000,480,437,000  WARNING main_het_net_sim       Entanglement num 31 completed in 0.047496223 seconds.
620,000,480,437,000  WARNING main_het_net_sim       Starting EG attempt at 620000480437000.
620,023,530,562,000  WARNING generation             router_2 successful entanglement of memory router_2.MemoryArray[0]
620,023,530,562,000  WARNING generation             router_1 successful entanglement of memory router_1.MemoryArray[1]
620,032,680,937,000  WARNING generation             router_0 successful entanglement of memory router_0.MemoryArray[0]
620,032,680,937,000  WARNING generation             router_1 successful entanglement of memory router_1.MemoryArray[0]
620,032,725,937,000  WARNING apps                   Transmon decohered during round trip time.
620,032,726,025,000  WARNING memory                 Incorrectly entangled state.
620,032,726,025,000  WARNING memory                 Incorrectly entangled state.
640,000,500,937,000  WARNING main_het_net_sim       Entanglement num 32 completed in 0.032245588 seconds.
640,000,500,937,000  WARNING main_het_net_sim       Starting EG attempt at 640000500937000.
640,022,025,999,500  WARNING generation             router_0 successful entanglement of memory router_0.MemoryArray[0]
640,022,025,999,500  WARNING generation             router_1 successful entanglement of memory router_1.MemoryArray[0]
640,025,076,124,500  WARNING generation             router_1 successful entanglement of memory router_1.MemoryArray[1]
640,025,076,124,500  WARNING generation             router_2 successful entanglement of memory router_2.MemoryArray[0]
640,025,121,124,500  WARNING apps                   Transmon decohered during round trip time.
640,025,121,222,500  WARNING memory                 Incorrectly entangled state.
640,025,121,222,500  WARNING memory                 Incorrectly entangled state.
660,000,516,124,500  WARNING main_het_net_sim       Entanglement num 33 completed in 0.0246202855 seconds.
660,000,516,124,500  WARNING main_het_net_sim       Starting EG attempt at 660000516124500.
660,022,041,187,000  WARNING generation             router_1 successful entanglement of memory router_1.MemoryArray[1]
660,022,041,187,000  WARNING generation             router_2 successful entanglement of memory router_2.MemoryArray[0]
660,028,141,437,000  WARNING generation             router_0 successful entanglement of memory router_0.MemoryArray[0]
660,028,141,437,000  WARNING generation             router_1 successful entanglement of memory router_1.MemoryArray[0]
660,028,186,437,000  WARNING apps                   Transmon decohered during round trip time.
660,028,186,437,000  WARNING apps                   Transmon decohered during round trip time.
660,028,186,525,000  WARNING memory                 Incorrectly entangled state.
660,028,186,525,000  WARNING memory                 Incorrectly entangled state.
680,000,521,437,000  WARNING main_het_net_sim       Entanglement num 34 completed in 0.0276704005 seconds.
680,000,521,437,000  WARNING main_het_net_sim       Starting EG attempt at 680000521437000.
680,022,046,499,500  WARNING generation             router_0 successful entanglement of memory router_0.MemoryArray[0]
680,022,046,499,500  WARNING generation             router_1 successful entanglement of memory router_1.MemoryArray[0]
680,022,046,499,500  WARNING generation             router_2 successful entanglement of memory router_2.MemoryArray[0]
680,022,046,499,500  WARNING generation             router_1 successful entanglement of memory router_1.MemoryArray[1]
700,000,546,499,500  WARNING main_het_net_sim       Entanglement num 35 completed in 0.0215701605 seconds.
700,000,546,499,500  WARNING main_het_net_sim       Starting EG attempt at 700000546499500.
700,022,071,562,000  WARNING generation             router_1 successful entanglement of memory router_1.MemoryArray[1]
700,022,071,562,000  WARNING generation             router_2 successful entanglement of memory router_2.MemoryArray[0]
700,631,876,062,000  WARNING generation             router_0 successful entanglement of memory router_0.MemoryArray[0]
700,631,876,062,000  WARNING generation             router_1 successful entanglement of memory router_1.MemoryArray[0]
700,631,921,062,000  WARNING apps                   Transmon decohered during round trip time.
700,631,921,150,000  WARNING memory                 Incorrectly entangled state.
700,631,921,150,000  WARNING memory                 Incorrectly entangled state.
720,000,566,062,000  WARNING main_het_net_sim       Entanglement num 36 completed in 0.6313746505 seconds.
720,000,566,062,000  WARNING main_het_net_sim       Starting EG attempt at 720000566062000.
720,023,616,187,000  WARNING generation             router_2 successful entanglement of memory router_2.MemoryArray[0]
720,023,616,187,000  WARNING generation             router_1 successful entanglement of memory router_1.MemoryArray[1]
720,721,874,312,000  WARNING generation             router_1 successful entanglement of memory router_1.MemoryArray[0]
720,721,874,312,000  WARNING generation             router_0 successful entanglement of memory router_0.MemoryArray[0]
720,721,919,312,000  WARNING apps                   Transmon decohered during round trip time.
720,721,919,410,000  WARNING memory                 Incorrectly entangled state.
720,721,919,410,000  WARNING memory                 Incorrectly entangled state.
740,000,594,312,000  WARNING main_het_net_sim       Entanglement num 37 completed in 0.721353348 seconds.
740,000,594,312,000  WARNING main_het_net_sim       Starting EG attempt at 740000594312000.
740,028,219,624,500  WARNING generation             router_1 successful entanglement of memory router_1.MemoryArray[0]
740,028,219,624,500  WARNING generation             router_1 successful entanglement of memory router_1.MemoryArray[1]
740,028,219,624,500  WARNING generation             router_0 successful entanglement of memory router_0.MemoryArray[0]
740,028,219,624,500  WARNING generation             router_2 successful entanglement of memory router_2.MemoryArray[0]
760,000,599,624,500  WARNING main_het_net_sim       Entanglement num 38 completed in 0.0276704005 seconds.
760,000,599,624,500  WARNING main_het_net_sim       Starting EG attempt at 760000599624500.
760,022,124,687,000  WARNING generation             router_0 successful entanglement of memory router_0.MemoryArray[0]
760,022,124,687,000  WARNING generation             router_1 successful entanglement of memory router_1.MemoryArray[0]
760,564,826,437,000  WARNING generation             router_1 successful entanglement of memory router_1.MemoryArray[1]
760,564,826,437,000  WARNING generation             router_2 successful entanglement of memory router_2.MemoryArray[0]
760,564,871,437,000  WARNING apps                   Transmon decohered during round trip time.
760,564,871,437,000  WARNING apps                   Transmon decohered during round trip time.
760,564,871,535,000  WARNING memory                 Incorrectly entangled state.
760,564,871,535,000  WARNING memory                 Incorrectly entangled state.
780,000,626,437,000  WARNING main_het_net_sim       Entanglement num 39 completed in 0.5642719105 seconds.
780,000,626,437,000  WARNING main_het_net_sim       Starting EG attempt at 780000626437000.
780,023,676,562,000  WARNING generation             router_1 successful entanglement of memory router_1.MemoryArray[1]
780,023,676,562,000  WARNING generation             router_2 successful entanglement of memory router_2.MemoryArray[0]
780,029,776,812,000  WARNING generation             router_0 successful entanglement of memory router_0.MemoryArray[0]
780,029,776,812,000  WARNING generation             router_1 successful entanglement of memory router_1.MemoryArray[0]
780,029,821,812,000  WARNING apps                   Transmon decohered during round trip time.
780,029,821,900,000  WARNING memory                 Incorrectly entangled state.
780,029,821,900,000  WARNING memory                 Incorrectly entangled state.
800,000,626,812,000  WARNING main_het_net_sim       Entanglement num 40 completed in 0.029195462999999998 seconds.
800,000,626,812,000  WARNING main_het_net_sim       Starting EG attempt at 800000626812000.
800,025,201,999,500  WARNING generation             router_1 successful entanglement of memory router_1.MemoryArray[1]
800,025,201,999,500  WARNING generation             router_2 successful entanglement of memory router_2.MemoryArray[0]
800,025,201,999,500  WARNING generation             router_1 successful entanglement of memory router_1.MemoryArray[0]
800,025,201,999,500  WARNING generation             router_0 successful entanglement of memory router_0.MemoryArray[0]
800,025,246,999,500  WARNING apps                   Transmon decohered during round trip time.
800,025,247,097,500  WARNING memory                 Incorrectly entangled state.
800,025,247,097,500  WARNING memory                 Incorrectly entangled state.
820,000,641,999,500  WARNING main_het_net_sim       Entanglement num 41 completed in 0.0246202855 seconds.
820,000,641,999,500  WARNING main_het_net_sim       Starting EG attempt at 820000641999500.
820,022,167,062,000  WARNING generation             router_1 successful entanglement of memory router_1.MemoryArray[0]
820,022,167,062,000  WARNING generation             router_1 successful entanglement of memory router_1.MemoryArray[1]
820,022,167,062,000  WARNING generation             router_0 successful entanglement of memory router_0.MemoryArray[0]
820,022,167,062,000  WARNING generation             router_2 successful entanglement of memory router_2.MemoryArray[0]
840,000,667,062,000  WARNING main_het_net_sim       Entanglement num 42 completed in 0.0215701505 seconds.
840,000,667,062,000  WARNING main_het_net_sim       Starting EG attempt at 840000667062000.
840,022,192,124,500  WARNING generation             router_2 successful entanglement of memory router_2.MemoryArray[0]
840,022,192,124,500  WARNING generation             router_1 successful entanglement of memory router_1.MemoryArray[1]
840,029,817,437,000  WARNING generation             router_0 successful entanglement of memory router_0.MemoryArray[0]
840,029,817,437,000  WARNING generation             router_1 successful entanglement of memory router_1.MemoryArray[0]
840,029,862,437,000  WARNING apps                   Transmon decohered during round trip time.
840,029,862,535,000  WARNING memory                 Incorrectly entangled state.
840,029,862,535,000  WARNING memory                 Incorrectly entangled state.
860,000,667,437,000  WARNING main_het_net_sim       Entanglement num 43 completed in 0.029195473 seconds.
860,000,667,437,000  WARNING main_het_net_sim       Starting EG attempt at 860000667437000.
860,032,867,937,000  WARNING generation             router_1 successful entanglement of memory router_1.MemoryArray[1]
860,032,867,937,000  WARNING generation             router_2 successful entanglement of memory router_2.MemoryArray[0]
860,046,593,499,500  WARNING generation             router_0 successful entanglement of memory router_0.MemoryArray[0]
860,046,593,499,500  WARNING generation             router_1 successful entanglement of memory router_1.MemoryArray[0]
860,046,638,499,500  WARNING apps                   Transmon decohered during round trip time.
860,046,638,587,500  WARNING memory                 Incorrectly entangled state.
860,046,638,587,500  WARNING memory                 Incorrectly entangled state.
880,000,673,499,500  WARNING main_het_net_sim       Entanglement num 44 completed in 0.0459711505 seconds.
880,000,673,499,500  WARNING main_het_net_sim       Starting EG attempt at 880000673499500.
880,022,198,562,000  WARNING generation             router_0 successful entanglement of memory router_0.MemoryArray[0]
880,022,198,562,000  WARNING generation             router_1 successful entanglement of memory router_1.MemoryArray[0]
880,022,198,562,000  WARNING generation             router_2 successful entanglement of memory router_2.MemoryArray[0]
880,022,198,562,000  WARNING generation             router_1 successful entanglement of memory router_1.MemoryArray[1]
900,000,698,562,000  WARNING main_het_net_sim       Entanglement num 45 completed in 0.0215701605 seconds.
900,000,698,562,000  WARNING main_het_net_sim       Starting EG attempt at 900000698562000.
900,022,223,624,500  WARNING generation             router_1 successful entanglement of memory router_1.MemoryArray[0]
900,022,223,624,500  WARNING generation             router_0 successful entanglement of memory router_0.MemoryArray[0]
900,026,798,812,000  WARNING generation             router_2 successful entanglement of memory router_2.MemoryArray[0]
900,026,798,812,000  WARNING generation             router_1 successful entanglement of memory router_1.MemoryArray[1]
900,026,843,812,000  WARNING apps                   Transmon decohered during round trip time.
900,026,843,812,000  WARNING apps                   Transmon decohered during round trip time.
900,026,843,900,000  WARNING memory                 Incorrectly entangled state.
900,026,843,900,000  WARNING memory                 Incorrectly entangled state.
920,000,708,812,000  WARNING main_het_net_sim       Entanglement num 46 completed in 0.026145338 seconds.
920,000,708,812,000  WARNING main_het_net_sim       Starting EG attempt at 920000708812000.
920,022,233,874,500  WARNING generation             router_2 successful entanglement of memory router_2.MemoryArray[0]
920,022,233,874,500  WARNING generation             router_1 successful entanglement of memory router_1.MemoryArray[1]
920,028,334,124,500  WARNING generation             router_0 successful entanglement of memory router_0.MemoryArray[0]
920,028,334,124,500  WARNING generation             router_1 successful entanglement of memory router_1.MemoryArray[0]
920,028,379,124,500  WARNING apps                   Transmon decohered during round trip time.
920,028,379,222,500  WARNING memory                 Incorrectly entangled state.
920,028,379,222,500  WARNING memory                 Incorrectly entangled state.
940,000,714,124,500  WARNING main_het_net_sim       Entanglement num 47 completed in 0.0276704105 seconds.
940,000,714,124,500  WARNING main_het_net_sim       Starting EG attempt at 940000714124500.
940,022,239,187,000  WARNING generation             router_1 successful entanglement of memory router_1.MemoryArray[1]
940,022,239,187,000  WARNING generation             router_2 successful entanglement of memory router_2.MemoryArray[0]
940,023,764,249,500  WARNING generation             router_0 successful entanglement of memory router_0.MemoryArray[0]
940,023,764,249,500  WARNING generation             router_1 successful entanglement of memory router_1.MemoryArray[0]
940,023,809,249,500  WARNING apps                   Transmon decohered during round trip time.
940,023,809,249,500  WARNING apps                   Transmon decohered during round trip time.
940,023,809,337,500  WARNING memory                 Incorrectly entangled state.
940,023,809,337,500  WARNING memory                 Incorrectly entangled state.
960,000,734,249,500  WARNING main_het_net_sim       Entanglement num 48 completed in 0.023095213 seconds.
960,000,734,249,500  WARNING main_het_net_sim       Starting EG attempt at 960000734249500.
960,022,259,312,000  WARNING generation             router_2 successful entanglement of memory router_2.MemoryArray[0]
960,022,259,312,000  WARNING generation             router_1 successful entanglement of memory router_1.MemoryArray[1]
960,026,834,499,500  WARNING generation             router_0 successful entanglement of memory router_0.MemoryArray[0]
960,026,834,499,500  WARNING generation             router_1 successful entanglement of memory router_1.MemoryArray[0]
960,026,879,499,500  WARNING apps                   Transmon decohered during round trip time.
960,026,879,597,500  WARNING memory                 Incorrectly entangled state.
960,026,879,597,500  WARNING memory                 Incorrectly entangled state.
980,000,744,499,500  WARNING main_het_net_sim       Entanglement num 49 completed in 0.026145348 seconds.
980,000,744,499,500  WARNING main_het_net_sim       Starting EG attempt at 980000744499500.
980,022,269,562,000  WARNING generation             router_1 successful entanglement of memory router_1.MemoryArray[0]
980,022,269,562,000  WARNING generation             router_1 successful entanglement of memory router_1.MemoryArray[1]
980,022,269,562,000  WARNING generation             router_0 successful entanglement of memory router_0.MemoryArray[0]
980,022,269,562,000  WARNING generation             router_2 successful entanglement of memory router_2.MemoryArray[0]
1,000,000,769,562,000 WARNING main_het_net_sim       Entanglement num 50 completed in 0.0215701505 seconds.
1,000,000,769,562,000 WARNING main_het_net_sim       Starting EG attempt at 1000000769562000.
1,000,023,819,687,000 WARNING generation             router_2 successful entanglement of memory router_2.MemoryArray[0]
1,000,023,819,687,000 WARNING generation             router_1 successful entanglement of memory router_1.MemoryArray[1]
1,000,029,919,937,000 WARNING generation             router_0 successful entanglement of memory router_0.MemoryArray[0]
1,000,029,919,937,000 WARNING generation             router_1 successful entanglement of memory router_1.MemoryArray[0]
1,000,029,964,937,000 WARNING apps                   Transmon decohered during round trip time.
1,000,029,965,035,000 WARNING memory                 Incorrectly entangled state.
1,000,029,965,035,000 WARNING memory                 Incorrectly entangled state.
1,020,000,769,937,000 WARNING main_het_net_sim       Entanglement num 51 completed in 0.029195473 seconds.
1,020,000,769,937,000 WARNING main_het_net_sim       Starting EG attempt at 1020000769937000.
1,020,022,294,999,500 WARNING generation             router_1 successful entanglement of memory router_1.MemoryArray[0]
1,020,022,294,999,500 WARNING generation             router_1 successful entanglement of memory router_1.MemoryArray[1]
1,020,022,294,999,500 WARNING generation             router_0 successful entanglement of memory router_0.MemoryArray[0]
1,020,022,294,999,500 WARNING generation             router_2 successful entanglement of memory router_2.MemoryArray[0]
1,020,022,339,999,500 WARNING apps                   Transmon decohered during round trip time.
1,020,022,340,087,500 WARNING memory                 Incorrectly entangled state.
1,020,022,340,087,500 WARNING memory                 Incorrectly entangled state.
1,040,000,794,999,500 WARNING main_het_net_sim       Entanglement num 52 completed in 0.0215701505 seconds.
1,040,000,794,999,500 WARNING main_het_net_sim       Starting EG attempt at 1040000794999500.
1,040,025,370,187,000 WARNING generation             router_0 successful entanglement of memory router_0.MemoryArray[0]
1,040,025,370,187,000 WARNING generation             router_1 successful entanglement of memory router_1.MemoryArray[0]
1,040,026,895,249,500 WARNING generation             router_1 successful entanglement of memory router_1.MemoryArray[1]
1,040,026,895,249,500 WARNING generation             router_2 successful entanglement of memory router_2.MemoryArray[0]
1,040,026,940,249,500 WARNING apps                   Transmon decohered during round trip time.
1,040,026,940,249,500 WARNING apps                   Transmon decohered during round trip time.
1,040,026,940,347,500 WARNING memory                 Incorrectly entangled state.
1,040,026,940,347,500 WARNING memory                 Incorrectly entangled state.
1,060,000,805,249,500 WARNING main_het_net_sim       Entanglement num 53 completed in 0.026145348 seconds.
1,060,000,805,249,500 WARNING main_het_net_sim       Starting EG attempt at 1060000805249500.
1,060,022,330,312,000 WARNING generation             router_0 successful entanglement of memory router_0.MemoryArray[0]
1,060,022,330,312,000 WARNING generation             router_1 successful entanglement of memory router_1.MemoryArray[0]
1,060,685,511,999,500 WARNING generation             router_1 successful entanglement of memory router_1.MemoryArray[1]
1,060,685,511,999,500 WARNING generation             router_2 successful entanglement of memory router_2.MemoryArray[0]
1,060,685,556,999,500 WARNING apps                   Transmon decohered during round trip time.
1,060,685,557,087,500 WARNING memory                 Incorrectly entangled state.
1,060,685,557,087,500 WARNING memory                 Incorrectly entangled state.
1,080,000,831,999,500 WARNING main_het_net_sim       Entanglement num 54 completed in 0.684751838 seconds.
1,080,000,831,999,500 WARNING main_het_net_sim       Starting EG attempt at 1080000831999500.
1,080,025,407,187,000 WARNING generation             router_0 successful entanglement of memory router_0.MemoryArray[0]
1,080,025,407,187,000 WARNING generation             router_1 successful entanglement of memory router_1.MemoryArray[0]
1,080,029,982,374,500 WARNING generation             router_1 successful entanglement of memory router_1.MemoryArray[1]
1,080,029,982,374,500 WARNING generation             router_2 successful entanglement of memory router_2.MemoryArray[0]
1,080,030,027,374,500 WARNING apps                   Transmon decohered during round trip time.
1,080,030,027,472,500 WARNING memory                 Incorrectly entangled state.
1,080,030,027,472,500 WARNING memory                 Incorrectly entangled state.
1,100,000,832,374,500 WARNING main_het_net_sim       Entanglement num 55 completed in 0.029195473 seconds.
1,100,000,832,374,500 WARNING main_het_net_sim       Starting EG attempt at 1100000832374500.
1,100,023,882,499,500 WARNING generation             router_1 successful entanglement of memory router_1.MemoryArray[1]
1,100,023,882,499,500 WARNING generation             router_2 successful entanglement of memory router_2.MemoryArray[0]
1,100,595,560,437,000 WARNING generation             router_0 successful entanglement of memory router_0.MemoryArray[0]
1,100,595,560,437,000 WARNING generation             router_1 successful entanglement of memory router_1.MemoryArray[0]
1,100,595,605,437,000 WARNING apps                   Transmon decohered during round trip time.
1,100,595,605,525,000 WARNING memory                 Incorrectly entangled state.
1,100,595,605,525,000 WARNING memory                 Incorrectly entangled state.
1,120,000,850,437,000 WARNING main_het_net_sim       Entanglement num 56 completed in 0.5947731505 seconds.
1,120,000,850,437,000 WARNING main_het_net_sim       Starting EG attempt at 1120000850437000.
1,120,023,900,562,000 WARNING generation             router_1 successful entanglement of memory router_1.MemoryArray[0]
1,120,023,900,562,000 WARNING generation             router_1 successful entanglement of memory router_1.MemoryArray[1]
1,120,023,900,562,000 WARNING generation             router_0 successful entanglement of memory router_0.MemoryArray[0]
1,120,023,900,562,000 WARNING generation             router_2 successful entanglement of memory router_2.MemoryArray[0]
1,140,000,870,562,000 WARNING main_het_net_sim       Entanglement num 57 completed in 0.023095222999999998 seconds.
1,140,000,870,562,000 WARNING main_het_net_sim       Starting EG attempt at 1140000870562000.
1,140,022,395,624,500 WARNING generation             router_1 successful entanglement of memory router_1.MemoryArray[0]
1,140,022,395,624,500 WARNING generation             router_0 successful entanglement of memory router_0.MemoryArray[0]
1,140,023,920,687,000 WARNING generation             router_1 successful entanglement of memory router_1.MemoryArray[1]
1,140,023,920,687,000 WARNING generation             router_2 successful entanglement of memory router_2.MemoryArray[0]
1,140,023,965,687,000 WARNING apps                   Transmon decohered during round trip time.
1,140,023,965,775,000 WARNING memory                 Incorrectly entangled state.
1,140,023,965,775,000 WARNING memory                 Incorrectly entangled state.
1,160,000,890,687,000 WARNING main_het_net_sim       Entanglement num 58 completed in 0.023095213 seconds.
1,160,000,890,687,000 WARNING main_het_net_sim       Starting EG attempt at 1160000890687000.
1,160,023,940,812,000 WARNING generation             router_2 successful entanglement of memory router_2.MemoryArray[0]
1,160,023,940,812,000 WARNING generation             router_1 successful entanglement of memory router_1.MemoryArray[1]
1,160,025,465,874,500 WARNING generation             router_0 successful entanglement of memory router_0.MemoryArray[0]
1,160,025,465,874,500 WARNING generation             router_1 successful entanglement of memory router_1.MemoryArray[0]
1,160,025,510,874,500 WARNING apps                   Transmon decohered during round trip time.
1,160,025,510,972,500 WARNING memory                 Incorrectly entangled state.
1,160,025,510,972,500 WARNING memory                 Incorrectly entangled state.
1,180,000,905,874,500 WARNING main_het_net_sim       Entanglement num 59 completed in 0.0246202855 seconds.
1,180,000,905,874,500 WARNING main_het_net_sim       Starting EG attempt at 1180000905874500.
1,180,022,430,937,000 WARNING generation             router_1 successful entanglement of memory router_1.MemoryArray[0]
1,180,022,430,937,000 WARNING generation             router_0 successful entanglement of memory router_0.MemoryArray[0]
1,180,023,955,999,500 WARNING generation             router_1 successful entanglement of memory router_1.MemoryArray[1]
1,180,023,955,999,500 WARNING generation             router_2 successful entanglement of memory router_2.MemoryArray[0]
1,180,024,000,999,500 WARNING apps                   Transmon decohered during round trip time.
1,180,024,001,087,500 WARNING memory                 Incorrectly entangled state.
1,180,024,001,087,500 WARNING memory                 Incorrectly entangled state.
1,200,000,925,999,500 WARNING main_het_net_sim       Entanglement num 60 completed in 0.023095213 seconds.
1,200,000,925,999,500 WARNING main_het_net_sim       Starting EG attempt at 1200000925999500.
1,200,023,976,124,500 WARNING generation             router_1 successful entanglement of memory router_1.MemoryArray[0]
1,200,023,976,124,500 WARNING generation             router_0 successful entanglement of memory router_0.MemoryArray[0]
1,200,671,907,187,000 WARNING generation             router_1 successful entanglement of memory router_1.MemoryArray[1]
1,200,671,907,187,000 WARNING generation             router_2 successful entanglement of memory router_2.MemoryArray[0]
1,200,671,952,187,000 WARNING apps                   Transmon decohered during round trip time.
1,200,671,952,285,000 WARNING memory                 Incorrectly entangled state.
1,200,671,952,285,000 WARNING memory                 Incorrectly entangled state.
1,220,000,937,187,000 WARNING main_het_net_sim       Entanglement num 61 completed in 0.6710262855 seconds.
1,220,000,937,187,000 WARNING main_het_net_sim       Starting EG attempt at 1220000937187000.
1,220,025,512,374,500 WARNING generation             router_0 successful entanglement of memory router_0.MemoryArray[0]
1,220,025,512,374,500 WARNING generation             router_1 successful entanglement of memory router_1.MemoryArray[0]
1,220,717,670,249,500 WARNING generation             router_1 successful entanglement of memory router_1.MemoryArray[1]
1,220,717,670,249,500 WARNING generation             router_2 successful entanglement of memory router_2.MemoryArray[0]
1,220,717,715,249,500 WARNING apps                   Transmon decohered during round trip time.
1,220,717,715,337,500 WARNING memory                 Incorrectly entangled state.
1,220,717,715,337,500 WARNING memory                 Incorrectly entangled state.
1,240,000,950,249,500 WARNING main_het_net_sim       Entanglement num 62 completed in 0.7167781504999999 seconds.
1,240,000,950,249,500 WARNING main_het_net_sim       Starting EG attempt at 1240000950249500.
1,240,022,475,312,000 WARNING generation             router_0 successful entanglement of memory router_0.MemoryArray[0]
1,240,022,475,312,000 WARNING generation             router_2 successful entanglement of memory router_2.MemoryArray[0]
1,240,022,475,312,000 WARNING generation             router_1 successful entanglement of memory router_1.MemoryArray[0]
1,240,022,475,312,000 WARNING generation             router_1 successful entanglement of memory router_1.MemoryArray[1]
1,260,000,975,312,000 WARNING main_het_net_sim       Entanglement num 63 completed in 0.0215701605 seconds.
1,260,000,975,312,000 WARNING main_het_net_sim       Starting EG attempt at 1260000975312000.
1,260,022,500,374,500 WARNING generation             router_1 successful entanglement of memory router_1.MemoryArray[1]
1,260,022,500,374,500 WARNING generation             router_2 successful entanglement of memory router_2.MemoryArray[0]
1,260,048,426,437,000 WARNING generation             router_0 successful entanglement of memory router_0.MemoryArray[0]
1,260,048,426,437,000 WARNING generation             router_1 successful entanglement of memory router_1.MemoryArray[0]
1,260,048,471,437,000 WARNING apps                   Transmon decohered during round trip time.
1,260,048,471,525,000 WARNING memory                 Incorrectly entangled state.
1,260,048,471,525,000 WARNING memory                 Incorrectly entangled state.
1,280,000,976,437,000 WARNING main_het_net_sim       Entanglement num 64 completed in 0.047496213 seconds.
1,280,000,976,437,000 WARNING main_het_net_sim       Starting EG attempt at 1280000976437000.
1,280,027,076,687,000 WARNING generation             router_0 successful entanglement of memory router_0.MemoryArray[0]
1,280,027,076,687,000 WARNING generation             router_1 successful entanglement of memory router_1.MemoryArray[0]
1,280,030,126,812,000 WARNING generation             router_1 successful entanglement of memory router_1.MemoryArray[1]
1,280,030,126,812,000 WARNING generation             router_2 successful entanglement of memory router_2.MemoryArray[0]
1,280,030,171,812,000 WARNING apps                   Transmon decohered during round trip time.
1,280,030,171,910,000 WARNING memory                 Incorrectly entangled state.
1,280,030,171,910,000 WARNING memory                 Incorrectly entangled state.
1,300,000,976,812,000 WARNING main_het_net_sim       Entanglement num 65 completed in 0.029195473 seconds.
1,300,000,976,812,000 WARNING main_het_net_sim       Starting EG attempt at 1300000976812000.
1,300,022,501,874,500 WARNING generation             router_1 successful entanglement of memory router_1.MemoryArray[0]
1,300,022,501,874,500 WARNING generation             router_0 successful entanglement of memory router_0.MemoryArray[0]
1,300,030,127,187,000 WARNING generation             router_1 successful entanglement of memory router_1.MemoryArray[1]
1,300,030,127,187,000 WARNING generation             router_2 successful entanglement of memory router_2.MemoryArray[0]
1,300,030,172,187,000 WARNING apps                   Transmon decohered during round trip time.
1,300,030,172,275,000 WARNING memory                 Incorrectly entangled state.
1,300,030,172,275,000 WARNING memory                 Incorrectly entangled state.
1,320,000,977,187,000 WARNING main_het_net_sim       Entanglement num 66 completed in 0.029195462999999998 seconds.
1,320,000,977,187,000 WARNING main_het_net_sim       Starting EG attempt at 1320000977187000.
1,320,024,027,312,000 WARNING generation             router_2 successful entanglement of memory router_2.MemoryArray[0]
1,320,024,027,312,000 WARNING generation             router_1 successful entanglement of memory router_1.MemoryArray[1]
1,320,025,552,374,500 WARNING generation             router_0 successful entanglement of memory router_0.MemoryArray[0]
1,320,025,552,374,500 WARNING generation             router_1 successful entanglement of memory router_1.MemoryArray[0]
1,320,025,597,374,500 WARNING apps                   Transmon decohered during round trip time.
1,320,025,597,472,500 WARNING memory                 Incorrectly entangled state.
1,320,025,597,472,500 WARNING memory                 Incorrectly entangled state.
1,340,000,992,374,500 WARNING main_het_net_sim       Entanglement num 67 completed in 0.0246202855 seconds.
1,340,000,992,374,500 WARNING main_het_net_sim       Starting EG attempt at 1340000992374500.
1,340,045,393,374,500 WARNING generation             router_1 successful entanglement of memory router_1.MemoryArray[0]
1,340,045,393,374,500 WARNING generation             router_0 successful entanglement of memory router_0.MemoryArray[0]
1,340,700,949,749,500 WARNING generation             router_1 successful entanglement of memory router_1.MemoryArray[1]
1,340,700,949,749,500 WARNING generation             router_2 successful entanglement of memory router_2.MemoryArray[0]
1,340,700,994,749,500 WARNING apps                   Transmon decohered during round trip time.
1,340,700,994,837,500 WARNING memory                 Incorrectly entangled state.
1,340,700,994,837,500 WARNING memory                 Incorrectly entangled state.
1,360,000,999,749,500 WARNING main_het_net_sim       Entanglement num 68 completed in 0.700002463 seconds.
1,360,000,999,749,500 WARNING main_het_net_sim       Starting EG attempt at 1360000999749500.
1,360,025,574,937,000 WARNING generation             router_2 successful entanglement of memory router_2.MemoryArray[0]
1,360,025,574,937,000 WARNING generation             router_1 successful entanglement of memory router_1.MemoryArray[1]
1,360,042,350,624,500 WARNING generation             router_0 successful entanglement of memory router_0.MemoryArray[0]
1,360,042,350,624,500 WARNING generation             router_1 successful entanglement of memory router_1.MemoryArray[0]
1,360,042,395,624,500 WARNING apps                   Transmon decohered during round trip time.
1,360,042,395,722,500 WARNING memory                 Incorrectly entangled state.
1,360,042,395,722,500 WARNING memory                 Incorrectly entangled state.
1,380,001,020,624,500 WARNING main_het_net_sim       Entanglement num 69 completed in 0.041395973 seconds.
1,380,001,020,624,500 WARNING main_het_net_sim       Starting EG attempt at 1380001020624500.
1,380,024,070,749,500 WARNING generation             router_2 successful entanglement of memory router_2.MemoryArray[0]
1,380,024,070,749,500 WARNING generation             router_1 successful entanglement of memory router_1.MemoryArray[1]
1,380,028,645,937,000 WARNING generation             router_0 successful entanglement of memory router_0.MemoryArray[0]
1,380,028,645,937,000 WARNING generation             router_1 successful entanglement of memory router_1.MemoryArray[0]
1,380,028,690,937,000 WARNING apps                   Transmon decohered during round trip time.
1,380,028,691,025,000 WARNING memory                 Incorrectly entangled state.
1,380,028,691,025,000 WARNING memory                 Incorrectly entangled state.
1,400,001,025,937,000 WARNING main_het_net_sim       Entanglement num 70 completed in 0.0276704005 seconds.
1,400,001,025,937,000 WARNING main_het_net_sim       Starting EG attempt at 1400001025937000.
1,400,025,601,124,500 WARNING generation             router_0 successful entanglement of memory router_0.MemoryArray[0]
1,400,025,601,124,500 WARNING generation             router_1 successful entanglement of memory router_1.MemoryArray[0]
1,400,697,933,187,000 WARNING generation             router_1 successful entanglement of memory router_1.MemoryArray[1]
1,400,697,933,187,000 WARNING generation             router_2 successful entanglement of memory router_2.MemoryArray[0]
1,400,697,978,187,000 WARNING apps                   Transmon decohered during round trip time.
1,400,697,978,187,000 WARNING apps                   Transmon decohered during round trip time.
1,400,697,978,285,000 WARNING memory                 Incorrectly entangled state.
1,400,697,978,285,000 WARNING memory                 Incorrectly entangled state.
1,420,001,043,187,000 WARNING main_het_net_sim       Entanglement num 71 completed in 0.6969523479999999 seconds.
1,420,001,043,187,000 WARNING main_het_net_sim       Starting EG attempt at 1420001043187000.
1,420,022,568,249,500 WARNING generation             router_1 successful entanglement of memory router_1.MemoryArray[1]
1,420,022,568,249,500 WARNING generation             router_2 successful entanglement of memory router_2.MemoryArray[0]
1,420,025,618,374,500 WARNING generation             router_0 successful entanglement of memory router_0.MemoryArray[0]
1,420,025,618,374,500 WARNING generation             router_1 successful entanglement of memory router_1.MemoryArray[0]
1,420,025,663,374,500 WARNING apps                   Transmon decohered during round trip time.
1,420,025,663,462,500 WARNING memory                 Incorrectly entangled state.
1,420,025,663,462,500 WARNING memory                 Incorrectly entangled state.
1,440,001,058,374,500 WARNING main_het_net_sim       Entanglement num 72 completed in 0.0246202755 seconds.
1,440,001,058,374,500 WARNING main_het_net_sim       Starting EG attempt at 1440001058374500.
1,440,027,158,624,500 WARNING generation             router_0 successful entanglement of memory router_0.MemoryArray[0]
1,440,027,158,624,500 WARNING generation             router_1 successful entanglement of memory router_1.MemoryArray[0]
1,440,720,841,562,000 WARNING generation             router_1 successful entanglement of memory router_1.MemoryArray[1]
1,440,720,841,562,000 WARNING generation             router_2 successful entanglement of memory router_2.MemoryArray[0]
1,440,720,886,562,000 WARNING apps                   Transmon decohered during round trip time.
1,440,720,886,660,000 WARNING memory                 Incorrectly entangled state.
1,440,720,886,660,000 WARNING memory                 Incorrectly entangled state.
1,460,001,061,562,000 WARNING main_het_net_sim       Entanglement num 73 completed in 0.7198282855 seconds.
1,460,001,061,562,000 WARNING main_het_net_sim       Starting EG attempt at 1460001061562000.
1,460,022,586,624,500 WARNING generation             router_1 successful entanglement of memory router_1.MemoryArray[0]
1,460,022,586,624,500 WARNING generation             router_0 successful entanglement of memory router_0.MemoryArray[0]
1,460,024,111,687,000 WARNING generation             router_1 successful entanglement of memory router_1.MemoryArray[1]
1,460,024,111,687,000 WARNING generation             router_2 successful entanglement of memory router_2.MemoryArray[0]
1,460,024,156,687,000 WARNING apps                   Transmon decohered during round trip time.
1,460,024,156,775,000 WARNING memory                 Incorrectly entangled state.
1,460,024,156,775,000 WARNING memory                 Incorrectly entangled state.
1,480,001,081,687,000 WARNING main_het_net_sim       Entanglement num 74 completed in 0.023095213 seconds.
1,480,001,081,687,000 WARNING main_het_net_sim       Starting EG attempt at 1480001081687000.
1,480,027,181,937,000 WARNING generation             router_2 successful entanglement of memory router_2.MemoryArray[0]
1,480,027,181,937,000 WARNING generation             router_1 successful entanglement of memory router_1.MemoryArray[1]
1,480,039,382,437,000 WARNING generation             router_0 successful entanglement of memory router_0.MemoryArray[0]
1,480,039,382,437,000 WARNING generation             router_1 successful entanglement of memory router_1.MemoryArray[0]
1,480,039,427,437,000 WARNING apps                   Transmon decohered during round trip time.
1,480,039,427,535,000 WARNING memory                 Incorrectly entangled state.
1,480,039,427,535,000 WARNING memory                 Incorrectly entangled state.
1,500,001,082,437,000 WARNING main_het_net_sim       Entanglement num 75 completed in 0.038345848 seconds.
1,500,001,082,437,000 WARNING main_het_net_sim       Starting EG attempt at 1500001082437000.
1,500,027,182,687,000 WARNING generation             router_0 successful entanglement of memory router_0.MemoryArray[0]
1,500,027,182,687,000 WARNING generation             router_1 successful entanglement of memory router_1.MemoryArray[0]
1,500,030,232,812,000 WARNING generation             router_1 successful entanglement of memory router_1.MemoryArray[1]
1,500,030,232,812,000 WARNING generation             router_2 successful entanglement of memory router_2.MemoryArray[0]
1,500,030,277,812,000 WARNING apps                   Transmon decohered during round trip time.
1,500,030,277,900,000 WARNING memory                 Incorrectly entangled state.
1,500,030,277,900,000 WARNING memory                 Incorrectly entangled state.
1,520,001,082,812,000 WARNING main_het_net_sim       Entanglement num 76 completed in 0.029195462999999998 seconds.
1,520,001,082,812,000 WARNING main_het_net_sim       Starting EG attempt at 1520001082812000.
1,520,027,183,062,000 WARNING generation             router_0 successful entanglement of memory router_0.MemoryArray[0]
1,520,027,183,062,000 WARNING generation             router_1 successful entanglement of memory router_1.MemoryArray[0]
1,520,030,233,187,000 WARNING generation             router_1 successful entanglement of memory router_1.MemoryArray[1]
1,520,030,233,187,000 WARNING generation             router_2 successful entanglement of memory router_2.MemoryArray[0]
1,520,030,278,187,000 WARNING apps                   Transmon decohered during round trip time.
1,520,030,278,285,000 WARNING memory                 Incorrectly entangled state.
1,520,030,278,285,000 WARNING memory                 Incorrectly entangled state.
1,540,001,083,187,000 WARNING main_het_net_sim       Entanglement num 77 completed in 0.029195473 seconds.
1,540,001,083,187,000 WARNING main_het_net_sim       Starting EG attempt at 1540001083187000.
1,540,022,608,249,500 WARNING generation             router_1 successful entanglement of memory router_1.MemoryArray[1]
1,540,022,608,249,500 WARNING generation             router_2 successful entanglement of memory router_2.MemoryArray[0]
1,540,031,758,624,500 WARNING generation             False positive entanglement heralded with sources 3,1.
1,540,031,758,624,500 WARNING generation             router_0 successful entanglement of memory router_0.MemoryArray[0]
1,540,031,758,624,500 WARNING generation             False positive entanglement heralded with sources 3,1.
1,540,031,758,624,500 WARNING generation             router_1 successful entanglement of memory router_1.MemoryArray[0]
1,540,031,803,624,500 WARNING apps                   Transmon decohered during round trip time.
1,540,031,803,712,500 WARNING memory                 Incorrectly entangled state.
1,540,031,803,712,500 WARNING memory                 Incorrectly entangled state.
1,560,001,108,624,500 WARNING main_het_net_sim       Entanglement num 78 completed in 0.030720525499999998 seconds.
1,560,001,108,624,500 WARNING main_het_net_sim       Starting EG attempt at 1560001108624500.
1,560,024,158,749,500 WARNING generation             router_0 successful entanglement of memory router_0.MemoryArray[0]
1,560,024,158,749,500 WARNING generation             router_1 successful entanglement of memory router_1.MemoryArray[0]
1,560,030,258,999,500 WARNING generation             router_1 successful entanglement of memory router_1.MemoryArray[1]
1,560,030,258,999,500 WARNING generation             router_2 successful entanglement of memory router_2.MemoryArray[0]
1,560,030,303,999,500 WARNING apps                   Transmon decohered during round trip time.
1,560,030,304,097,500 WARNING memory                 Incorrectly entangled state.
1,560,030,304,097,500 WARNING memory                 Incorrectly entangled state.
1,580,001,108,999,500 WARNING main_het_net_sim       Entanglement num 79 completed in 0.029195473 seconds.
1,580,001,108,999,500 WARNING main_het_net_sim       Starting EG attempt at 1580001108999500.
1,580,022,634,062,000 WARNING generation             router_1 successful entanglement of memory router_1.MemoryArray[0]
1,580,022,634,062,000 WARNING generation             router_0 successful entanglement of memory router_0.MemoryArray[0]
1,580,028,734,312,000 WARNING generation             router_1 successful entanglement of memory router_1.MemoryArray[1]
1,580,028,734,312,000 WARNING generation             router_2 successful entanglement of memory router_2.MemoryArray[0]
1,580,028,779,312,000 WARNING apps                   Transmon decohered during round trip time.
1,580,028,779,312,000 WARNING apps                   Transmon decohered during round trip time.
1,580,028,779,400,000 WARNING memory                 Incorrectly entangled state.
1,580,028,779,400,000 WARNING memory                 Incorrectly entangled state.
1,600,001,114,312,000 WARNING main_het_net_sim       Entanglement num 80 completed in 0.0276704005 seconds.
1,600,001,114,312,000 WARNING main_het_net_sim       Starting EG attempt at 1600001114312000.
1,600,022,639,374,500 WARNING generation             router_0 successful entanglement of memory router_0.MemoryArray[0]
1,600,022,639,374,500 WARNING generation             router_1 successful entanglement of memory router_1.MemoryArray[0]
1,600,036,364,937,000 WARNING generation             router_1 successful entanglement of memory router_1.MemoryArray[1]
1,600,036,364,937,000 WARNING generation             router_2 successful entanglement of memory router_2.MemoryArray[0]
1,600,036,409,937,000 WARNING apps                   Transmon decohered during round trip time.
1,600,036,409,937,000 WARNING apps                   Transmon decohered during round trip time.
1,600,036,410,035,000 WARNING memory                 Incorrectly entangled state.
1,600,036,410,035,000 WARNING memory                 Incorrectly entangled state.
1,620,001,124,937,000 WARNING main_het_net_sim       Entanglement num 81 completed in 0.035295723 seconds.
1,620,001,124,937,000 WARNING main_het_net_sim       Starting EG attempt at 1620001124937000.
1,620,022,649,999,500 WARNING generation             router_1 successful entanglement of memory router_1.MemoryArray[0]
1,620,022,649,999,500 WARNING generation             router_1 successful entanglement of memory router_1.MemoryArray[1]
1,620,022,649,999,500 WARNING generation             router_0 successful entanglement of memory router_0.MemoryArray[0]
1,620,022,649,999,500 WARNING generation             router_2 successful entanglement of memory router_2.MemoryArray[0]
1,620,022,694,999,500 WARNING apps                   Transmon decohered during round trip time.
1,620,022,695,087,500 WARNING memory                 Incorrectly entangled state.
1,620,022,695,087,500 WARNING memory                 Incorrectly entangled state.
1,640,001,149,999,500 WARNING main_het_net_sim       Entanglement num 82 completed in 0.0215701505 seconds.
1,640,001,149,999,500 WARNING main_het_net_sim       Starting EG attempt at 1640001149999500.
1,640,022,675,062,000 WARNING generation             router_2 successful entanglement of memory router_2.MemoryArray[0]
1,640,022,675,062,000 WARNING generation             router_1 successful entanglement of memory router_1.MemoryArray[1]
1,640,033,350,499,500 WARNING generation             router_0 successful entanglement of memory router_0.MemoryArray[0]
1,640,033,350,499,500 WARNING generation             router_1 successful entanglement of memory router_1.MemoryArray[0]
1,640,033,395,499,500 WARNING apps                   Transmon decohered during round trip time.
1,640,033,395,597,500 WARNING memory                 Incorrectly entangled state.
1,640,033,395,597,500 WARNING memory                 Incorrectly entangled state.
1,660,001,170,499,500 WARNING main_het_net_sim       Entanglement num 83 completed in 0.032245598 seconds.
1,660,001,170,499,500 WARNING main_het_net_sim       Starting EG attempt at 1660001170499500.
1,660,027,270,749,500 WARNING generation             router_1 successful entanglement of memory router_1.MemoryArray[1]
1,660,027,270,749,500 WARNING generation             router_2 successful entanglement of memory router_2.MemoryArray[0]
1,660,533,370,999,500 WARNING generation             router_0 successful entanglement of memory router_0.MemoryArray[0]
1,660,533,370,999,500 WARNING generation             router_1 successful entanglement of memory router_1.MemoryArray[0]
1,660,533,415,999,500 WARNING apps                   Transmon decohered during round trip time.
1,660,533,416,087,500 WARNING memory                 Incorrectly entangled state.
1,660,533,416,087,500 WARNING memory                 Incorrectly entangled state.
1,680,001,180,999,500 WARNING main_het_net_sim       Entanglement num 84 completed in 0.532245588 seconds.
1,680,001,180,999,500 WARNING main_het_net_sim       Starting EG attempt at 1680001180999500.
1,680,050,157,187,000 WARNING generation             router_0 successful entanglement of memory router_0.MemoryArray[0]
1,680,050,157,187,000 WARNING generation             router_1 successful entanglement of memory router_1.MemoryArray[0]
1,680,649,286,249,500 WARNING generation             router_1 successful entanglement of memory router_1.MemoryArray[1]
1,680,649,286,249,500 WARNING generation             router_2 successful entanglement of memory router_2.MemoryArray[0]
1,680,649,331,249,500 WARNING apps                   Transmon decohered during round trip time.
1,680,649,331,347,500 WARNING memory                 Incorrectly entangled state.
1,680,649,331,347,500 WARNING memory                 Incorrectly entangled state.
1,700,001,206,249,500 WARNING main_het_net_sim       Entanglement num 85 completed in 0.6481503479999999 seconds.
1,700,001,206,249,500 WARNING main_het_net_sim       Starting EG attempt at 1700001206249500.
1,700,024,256,374,500 WARNING generation             router_2 successful entanglement of memory router_2.MemoryArray[0]
1,700,024,256,374,500 WARNING generation             router_1 successful entanglement of memory router_1.MemoryArray[1]
1,700,025,781,437,000 WARNING generation             router_1 successful entanglement of memory router_1.MemoryArray[0]
1,700,025,781,437,000 WARNING generation             router_0 successful entanglement of memory router_0.MemoryArray[0]
1,700,025,826,437,000 WARNING apps                   Transmon decohered during round trip time.
1,700,025,826,525,000 WARNING memory                 Incorrectly entangled state.
1,700,025,826,525,000 WARNING memory                 Incorrectly entangled state.
1,720,001,221,437,000 WARNING main_het_net_sim       Entanglement num 86 completed in 0.0246202755 seconds.
1,720,001,221,437,000 WARNING main_het_net_sim       Starting EG attempt at 1720001221437000.
1,720,024,271,562,000 WARNING generation             router_1 successful entanglement of memory router_1.MemoryArray[1]
1,720,024,271,562,000 WARNING generation             router_2 successful entanglement of memory router_2.MemoryArray[0]
1,720,025,796,624,500 WARNING generation             router_0 successful entanglement of memory router_0.MemoryArray[0]
1,720,025,796,624,500 WARNING generation             router_1 successful entanglement of memory router_1.MemoryArray[0]
1,720,025,841,624,500 WARNING apps                   Transmon decohered during round trip time.
1,720,025,841,722,500 WARNING memory                 Incorrectly entangled state.
1,720,025,841,722,500 WARNING memory                 Incorrectly entangled state.
1,740,001,236,624,500 WARNING main_het_net_sim       Entanglement num 87 completed in 0.0246202855 seconds.
1,740,001,236,624,500 WARNING main_het_net_sim       Starting EG attempt at 1740001236624500.
1,740,024,286,749,500 WARNING generation             router_1 successful entanglement of memory router_1.MemoryArray[1]
1,740,024,286,749,500 WARNING generation             router_2 successful entanglement of memory router_2.MemoryArray[0]
1,740,678,318,062,000 WARNING generation             router_0 successful entanglement of memory router_0.MemoryArray[0]
1,740,678,318,062,000 WARNING generation             router_1 successful entanglement of memory router_1.MemoryArray[0]
1,740,678,363,062,000 WARNING apps                   Transmon decohered during round trip time.
1,740,678,363,150,000 WARNING memory                 Incorrectly entangled state.
1,740,678,363,150,000 WARNING memory                 Incorrectly entangled state.
1,760,001,258,062,000 WARNING main_het_net_sim       Entanglement num 88 completed in 0.6771265255 seconds.
1,760,001,258,062,000 WARNING main_het_net_sim       Starting EG attempt at 1760001258062000.
1,760,025,833,249,500 WARNING generation             router_2 successful entanglement of memory router_2.MemoryArray[0]
1,760,025,833,249,500 WARNING generation             router_1 successful entanglement of memory router_1.MemoryArray[1]
1,760,030,408,437,000 WARNING generation             router_0 successful entanglement of memory router_0.MemoryArray[0]
1,760,030,408,437,000 WARNING generation             router_1 successful entanglement of memory router_1.MemoryArray[0]
1,760,030,453,437,000 WARNING apps                   Transmon decohered during round trip time.
1,760,030,453,535,000 WARNING memory                 Incorrectly entangled state.
1,760,030,453,535,000 WARNING memory                 Incorrectly entangled state.
1,780,001,258,437,000 WARNING main_het_net_sim       Entanglement num 89 completed in 0.029195473 seconds.
1,780,001,258,437,000 WARNING main_het_net_sim       Starting EG attempt at 1780001258437000.
1,780,022,783,499,500 WARNING generation             router_1 successful entanglement of memory router_1.MemoryArray[1]
1,780,022,783,499,500 WARNING generation             router_2 successful entanglement of memory router_2.MemoryArray[0]
1,780,024,308,562,000 WARNING generation             router_0 successful entanglement of memory router_0.MemoryArray[0]
1,780,024,308,562,000 WARNING generation             router_1 successful entanglement of memory router_1.MemoryArray[0]
1,780,024,353,562,000 WARNING apps                   Transmon decohered during round trip time.
1,780,024,353,650,000 WARNING memory                 Incorrectly entangled state.
1,780,024,353,650,000 WARNING memory                 Incorrectly entangled state.
1,800,001,278,562,000 WARNING main_het_net_sim       Entanglement num 90 completed in 0.023095213 seconds.
1,800,001,278,562,000 WARNING main_het_net_sim       Starting EG attempt at 1800001278562000.
1,800,024,328,687,000 WARNING generation             router_0 successful entanglement of memory router_0.MemoryArray[0]
1,800,024,328,687,000 WARNING generation             router_1 successful entanglement of memory router_1.MemoryArray[0]
1,800,030,428,937,000 WARNING generation             router_1 successful entanglement of memory router_1.MemoryArray[1]
1,800,030,428,937,000 WARNING generation             router_2 successful entanglement of memory router_2.MemoryArray[0]
1,800,030,473,937,000 WARNING apps                   Transmon decohered during round trip time.
1,800,030,474,035,000 WARNING memory                 Incorrectly entangled state.
1,800,030,474,035,000 WARNING memory                 Incorrectly entangled state.
1,820,001,278,937,000 WARNING main_het_net_sim       Entanglement num 91 completed in 0.029195473 seconds.
1,820,001,278,937,000 WARNING main_het_net_sim       Starting EG attempt at 1820001278937000.
1,820,022,803,999,500 WARNING generation             router_1 successful entanglement of memory router_1.MemoryArray[1]
1,820,022,803,999,500 WARNING generation             router_2 successful entanglement of memory router_2.MemoryArray[0]
1,820,027,379,187,000 WARNING generation             router_0 successful entanglement of memory router_0.MemoryArray[0]
1,820,027,379,187,000 WARNING generation             router_1 successful entanglement of memory router_1.MemoryArray[0]
1,820,027,424,187,000 WARNING apps                   Transmon decohered during round trip time.
1,820,027,424,275,000 WARNING memory                 Incorrectly entangled state.
1,820,027,424,275,000 WARNING memory                 Incorrectly entangled state.
1,840,001,289,187,000 WARNING main_het_net_sim       Entanglement num 92 completed in 0.026145338 seconds.
1,840,001,289,187,000 WARNING main_het_net_sim       Starting EG attempt at 1840001289187000.
1,840,027,389,437,000 WARNING generation             router_2 successful entanglement of memory router_2.MemoryArray[0]
1,840,027,389,437,000 WARNING generation             router_1 successful entanglement of memory router_1.MemoryArray[1]
1,840,030,439,562,000 WARNING generation             router_0 successful entanglement of memory router_0.MemoryArray[0]
1,840,030,439,562,000 WARNING generation             router_1 successful entanglement of memory router_1.MemoryArray[0]
1,840,030,484,562,000 WARNING apps                   Transmon decohered during round trip time.
1,840,030,484,660,000 WARNING memory                 Incorrectly entangled state.
1,840,030,484,660,000 WARNING memory                 Incorrectly entangled state.
1,860,001,289,562,000 WARNING main_het_net_sim       Entanglement num 93 completed in 0.029195473 seconds.
1,860,001,289,562,000 WARNING main_het_net_sim       Starting EG attempt at 1860001289562000.
1,860,022,814,624,500 WARNING generation             router_1 successful entanglement of memory router_1.MemoryArray[0]
1,860,022,814,624,500 WARNING generation             router_0 successful entanglement of memory router_0.MemoryArray[0]
1,860,027,389,812,000 WARNING generation             router_1 successful entanglement of memory router_1.MemoryArray[1]
1,860,027,389,812,000 WARNING generation             router_2 successful entanglement of memory router_2.MemoryArray[0]
1,860,027,434,812,000 WARNING apps                   Transmon decohered during round trip time.
1,860,027,434,900,000 WARNING memory                 Incorrectly entangled state.
1,860,027,434,900,000 WARNING memory                 Incorrectly entangled state.
1,880,001,299,812,000 WARNING main_het_net_sim       Entanglement num 94 completed in 0.026145338 seconds.
1,880,001,299,812,000 WARNING main_het_net_sim       Starting EG attempt at 1880001299812000.
1,880,030,450,187,000 WARNING generation             False positive entanglement heralded with sources 3,1.
1,880,030,450,187,000 WARNING generation             router_1 successful entanglement of memory router_1.MemoryArray[1]
1,880,030,450,187,000 WARNING generation             False positive entanglement heralded with sources 3,1.
1,880,030,450,187,000 WARNING generation             router_2 successful entanglement of memory router_2.MemoryArray[0]
1,880,676,856,187,000 WARNING generation             router_0 successful entanglement of memory router_0.MemoryArray[0]
1,880,676,856,187,000 WARNING generation             router_1 successful entanglement of memory router_1.MemoryArray[0]
1,880,676,901,187,000 WARNING apps                   Transmon decohered during round trip time.
1,880,676,901,285,000 WARNING memory                 Incorrectly entangled state.
1,880,676,901,285,000 WARNING memory                 Incorrectly entangled state.
1,900,001,326,187,000 WARNING main_het_net_sim       Entanglement num 95 completed in 0.675601473 seconds.
1,900,001,326,187,000 WARNING main_het_net_sim       Starting EG attempt at 1900001326187000.
1,900,022,851,249,500 WARNING generation             router_1 successful entanglement of memory router_1.MemoryArray[0]
1,900,022,851,249,500 WARNING generation             router_0 successful entanglement of memory router_0.MemoryArray[0]
1,900,033,526,687,000 WARNING generation             router_1 successful entanglement of memory router_1.MemoryArray[1]
1,900,033,526,687,000 WARNING generation             router_2 successful entanglement of memory router_2.MemoryArray[0]
1,900,033,571,687,000 WARNING apps                   Transmon decohered during round trip time.
1,900,033,571,775,000 WARNING memory                 Incorrectly entangled state.
1,900,033,571,775,000 WARNING memory                 Incorrectly entangled state.
1,920,001,346,687,000 WARNING main_het_net_sim       Entanglement num 96 completed in 0.032245588 seconds.
1,920,001,346,687,000 WARNING main_het_net_sim       Starting EG attempt at 1920001346687000.
1,920,024,396,812,000 WARNING generation             router_1 successful entanglement of memory router_1.MemoryArray[0]
1,920,024,396,812,000 WARNING generation             router_1 successful entanglement of memory router_1.MemoryArray[1]
1,920,024,396,812,000 WARNING generation             router_0 successful entanglement of memory router_0.MemoryArray[0]
1,920,024,396,812,000 WARNING generation             router_2 successful entanglement of memory router_2.MemoryArray[0]
1,940,001,366,812,000 WARNING main_het_net_sim       Entanglement num 97 completed in 0.023095222999999998 seconds.
1,940,001,366,812,000 WARNING main_het_net_sim       Starting EG attempt at 1940001366812000.
1,940,028,992,124,500 WARNING generation             router_2 successful entanglement of memory router_2.MemoryArray[0]
1,940,028,992,124,500 WARNING generation             router_1 successful entanglement of memory router_1.MemoryArray[1]
1,940,716,574,812,000 WARNING generation             router_0 successful entanglement of memory router_0.MemoryArray[0]
1,940,716,574,812,000 WARNING generation             router_1 successful entanglement of memory router_1.MemoryArray[0]
1,940,716,619,812,000 WARNING apps                   Transmon decohered during round trip time.
1,940,716,619,900,000 WARNING memory                 Incorrectly entangled state.
1,940,716,619,900,000 WARNING memory                 Incorrectly entangled state.
1,960,001,384,812,000 WARNING main_het_net_sim       Entanglement num 98 completed in 0.715253088 seconds.
1,960,001,384,812,000 WARNING main_het_net_sim       Starting EG attempt at 1960001384812000.
1,960,025,959,999,500 WARNING generation             router_1 successful entanglement of memory router_1.MemoryArray[1]
1,960,025,959,999,500 WARNING generation             router_2 successful entanglement of memory router_2.MemoryArray[0]
1,960,027,485,062,000 WARNING generation             router_0 successful entanglement of memory router_0.MemoryArray[0]
1,960,027,485,062,000 WARNING generation             router_1 successful entanglement of memory router_1.MemoryArray[0]
1,960,027,530,062,000 WARNING apps                   Transmon decohered during round trip time.
1,960,027,530,160,000 WARNING memory                 Incorrectly entangled state.
1,960,027,530,160,000 WARNING memory                 Incorrectly entangled state.
1,980,001,395,062,000 WARNING main_het_net_sim       Entanglement num 99 completed in 0.026145348 seconds.
1,980,001,395,062,000 WARNING main_het_net_sim       Starting EG attempt at 1980001395062000.
1,980,022,920,124,500 WARNING generation             router_1 successful entanglement of memory router_1.MemoryArray[0]
1,980,022,920,124,500 WARNING generation             router_0 successful entanglement of memory router_0.MemoryArray[0]
1,980,030,545,437,000 WARNING generation             router_1 successful entanglement of memory router_1.MemoryArray[1]
1,980,030,545,437,000 WARNING generation             router_2 successful entanglement of memory router_2.MemoryArray[0]
1,980,030,590,437,000 WARNING apps                   Transmon decohered during round trip time.
1,980,030,590,437,000 WARNING apps                   Transmon decohered during round trip time.
1,980,030,590,525,000 WARNING memory                 Incorrectly entangled state.
1,980,030,590,525,000 WARNING memory                 Incorrectly entangled state.
2,000,001,395,437,000 WARNING main_het_net_sim       Entanglement num 100 completed in 0.029195462999999998 seconds.
2,000,001,395,437,000 WARNING main_het_net_sim       coherence:500000000
2,000,001,395,437,000 WARNING main_het_net_sim       After 100 entanglement attempts, calculated fidelity =0.16729087999999998
2,000,001,395,437,000 WARNING main_het_net_sim       Average ent time is ~0.15431324737
2,000,001,395,437,000 WARNING main_het_net_sim       100 entanglement pairs were generated after 1033 attempts.
